<?xml version="1.0" encoding="UTF-8"?>
<!-- Generated by org.testng.reporters.JUnitXMLReporter -->
<testsuite ignored="2" hostname="DESKTOP-CJA0QNI" failures="0" tests="4" name="Login Test" time="109.924" errors="0" timestamp="2024-01-25T09:50:25 GMT">
  <testcase classname="com.cgi.test.LoginUITest" name="TitleTest" time="0.024"/>
  <testcase classname="com.cgi.test.LoginTest" name="validLoginTest" time="19.062"/>
  <testcase classname="com.cgi.test.LoginTest" name="validLoginTest" time="19.313"/>
  <testcase classname="com.cgi.test.LoginTest" name="validLoginTest" time="28.47"/>
  <testcase classname="com.cgi.test.LoginUITest" name="appDescriptionTest" time="0.0">
    <ignored/>
  </testcase> <!-- appDescriptionTest -->
  <testcase classname="com.cgi.test.LoginTest" name="invalidLoginTest" time="0.0">
    <ignored/>
  </testcase> <!-- invalidLoginTest -->
</testsuite> <!-- Login Test -->
