<?xml version="1.0" encoding="UTF-8"?>
<testng-results ignored="0" total="4" passed="4" failed="0" skipped="0">
  <reporter-output>
  </reporter-output>
  <suite started-at="2024-01-25T09:48:35 GMT" name="OpenEMRSuite" finished-at="2024-01-25T09:50:25 GMT" duration-ms="109924">
    <groups>
      <group name="ui">
        <method signature="LoginUITest.TitleTest()[pri:0, instance:com.cgi.test.LoginUITest@53aac487]" name="TitleTest" class="com.cgi.test.LoginUITest"/>
      </group> <!-- ui -->
      <group name="smoke">
        <method signature="LoginTest.validLoginTest(java.lang.String,java.lang.String,java.lang.String)[pri:0, instance:com.cgi.test.LoginTest@20140db9]" name="validLoginTest" class="com.cgi.test.LoginTest"/>
        <method signature="LoginUITest.TitleTest()[pri:0, instance:com.cgi.test.LoginUITest@53aac487]" name="TitleTest" class="com.cgi.test.LoginUITest"/>
      </group> <!-- smoke -->
      <group name="login">
        <method signature="LoginTest.validLoginTest(java.lang.String,java.lang.String,java.lang.String)[pri:0, instance:com.cgi.test.LoginTest@20140db9]" name="validLoginTest" class="com.cgi.test.LoginTest"/>
      </group> <!-- login -->
    </groups>
    <test started-at="2024-01-25T09:48:35 GMT" name="Login Test" finished-at="2024-01-25T09:50:25 GMT" duration-ms="109924">
      <class name="com.cgi.test.LoginTest">
        <test-method is-config="true" signature="setup(java.lang.String)[pri:0, instance:com.cgi.test.LoginTest@20140db9]" started-at="2024-01-25T09:48:51 GMT" name="setup" finished-at="2024-01-25T09:49:05 GMT" duration-ms="13940" status="PASS">
          <params>
            <param index="0">
              <value>
                <![CDATA[ch]]>
              </value>
            </param>
          </params>
          <reporter-output>
          </reporter-output>
        </test-method> <!-- setup -->
        <test-method signature="validLoginTest(java.lang.String,java.lang.String,java.lang.String)[pri:0, instance:com.cgi.test.LoginTest@20140db9]" started-at="2024-01-25T09:49:05 GMT" name="validLoginTest" data-provider="commonDataProvider" finished-at="2024-01-25T09:49:24 GMT" duration-ms="19062" status="PASS">
          <params>
            <param index="0">
              <value>
                <![CDATA[receptionist]]>
              </value>
            </param>
            <param index="1">
              <value>
                <![CDATA[receptionist]]>
              </value>
            </param>
            <param index="2">
              <value>
                <![CDATA[OpenEMR]]>
              </value>
            </param>
          </params>
          <reporter-output>
          </reporter-output>
        </test-method> <!-- validLoginTest -->
        <test-method is-config="true" signature="teardown()[pri:0, instance:com.cgi.test.LoginTest@20140db9]" started-at="2024-01-25T09:49:24 GMT" name="teardown" finished-at="2024-01-25T09:49:24 GMT" duration-ms="192" status="PASS">
          <reporter-output>
          </reporter-output>
        </test-method> <!-- teardown -->
        <test-method is-config="true" signature="setup(java.lang.String)[pri:0, instance:com.cgi.test.LoginTest@20140db9]" started-at="2024-01-25T09:49:24 GMT" name="setup" finished-at="2024-01-25T09:49:30 GMT" duration-ms="6391" status="PASS">
          <params>
            <param index="0">
              <value>
                <![CDATA[ch]]>
              </value>
            </param>
          </params>
          <reporter-output>
          </reporter-output>
        </test-method> <!-- setup -->
        <test-method signature="validLoginTest(java.lang.String,java.lang.String,java.lang.String)[pri:0, instance:com.cgi.test.LoginTest@20140db9]" started-at="2024-01-25T09:49:30 GMT" name="validLoginTest" data-provider="commonDataProvider" finished-at="2024-01-25T09:49:50 GMT" duration-ms="19313" status="PASS">
          <params>
            <param index="0">
              <value>
                <![CDATA[accountant]]>
              </value>
            </param>
            <param index="1">
              <value>
                <![CDATA[accountant]]>
              </value>
            </param>
            <param index="2">
              <value>
                <![CDATA[OpenEMR]]>
              </value>
            </param>
          </params>
          <reporter-output>
          </reporter-output>
        </test-method> <!-- validLoginTest -->
        <test-method is-config="true" signature="teardown()[pri:0, instance:com.cgi.test.LoginTest@20140db9]" started-at="2024-01-25T09:49:50 GMT" name="teardown" finished-at="2024-01-25T09:49:50 GMT" duration-ms="195" status="PASS">
          <reporter-output>
          </reporter-output>
        </test-method> <!-- teardown -->
        <test-method is-config="true" signature="setup(java.lang.String)[pri:0, instance:com.cgi.test.LoginTest@20140db9]" started-at="2024-01-25T09:49:50 GMT" name="setup" finished-at="2024-01-25T09:49:56 GMT" duration-ms="6570" status="PASS">
          <params>
            <param index="0">
              <value>
                <![CDATA[ch]]>
              </value>
            </param>
          </params>
          <reporter-output>
          </reporter-output>
        </test-method> <!-- setup -->
        <test-method signature="validLoginTest(java.lang.String,java.lang.String,java.lang.String)[pri:0, instance:com.cgi.test.LoginTest@20140db9]" started-at="2024-01-25T09:49:56 GMT" name="validLoginTest" data-provider="commonDataProvider" finished-at="2024-01-25T09:50:25 GMT" duration-ms="28470" status="PASS">
          <params>
            <param index="0">
              <value>
                <![CDATA[physician]]>
              </value>
            </param>
            <param index="1">
              <value>
                <![CDATA[physician]]>
              </value>
            </param>
            <param index="2">
              <value>
                <![CDATA[OpenEMR]]>
              </value>
            </param>
          </params>
          <reporter-output>
          </reporter-output>
        </test-method> <!-- validLoginTest -->
        <test-method is-config="true" signature="teardown()[pri:0, instance:com.cgi.test.LoginTest@20140db9]" started-at="2024-01-25T09:50:25 GMT" name="teardown" finished-at="2024-01-25T09:50:25 GMT" duration-ms="188" status="PASS">
          <reporter-output>
          </reporter-output>
        </test-method> <!-- teardown -->
      </class> <!-- com.cgi.test.LoginTest -->
      <class name="com.cgi.test.LoginUITest">
        <test-method is-config="true" signature="setup(java.lang.String)[pri:0, instance:com.cgi.test.LoginUITest@53aac487]" started-at="2024-01-25T09:48:35 GMT" name="setup" finished-at="2024-01-25T09:48:50 GMT" duration-ms="14592" status="PASS">
          <params>
            <param index="0">
              <value>
                <![CDATA[ch]]>
              </value>
            </param>
          </params>
          <reporter-output>
          </reporter-output>
        </test-method> <!-- setup -->
        <test-method signature="TitleTest()[pri:0, instance:com.cgi.test.LoginUITest@53aac487]" started-at="2024-01-25T09:48:50 GMT" name="TitleTest" finished-at="2024-01-25T09:48:50 GMT" duration-ms="24" status="PASS">
          <reporter-output>
          </reporter-output>
        </test-method> <!-- TitleTest -->
        <test-method is-config="true" signature="teardown()[pri:0, instance:com.cgi.test.LoginUITest@53aac487]" started-at="2024-01-25T09:48:50 GMT" name="teardown" finished-at="2024-01-25T09:48:50 GMT" duration-ms="230" status="PASS">
          <reporter-output>
          </reporter-output>
        </test-method> <!-- teardown -->
      </class> <!-- com.cgi.test.LoginUITest -->
    </test> <!-- Login Test -->
  </suite> <!-- OpenEMRSuite -->
</testng-results>
